# JRE version: Java(TM) SE Runtime Environment (8.0_60-b27) (build 1.8.0_60-b27)
# Java VM: Java HotSpot(TM) 64-Bit Server VM (25.60-b23 mixed mode windows-amd64 compressed oops)
Heap:
 PSYoungGen      total 671232K, used 316890K [0x00000000d5e00000, 0x00000000ffe00000, 0x0000000100000000)
  eden space 657408K, 48% used [0x00000000d5e00000,0x00000000e9376a70,0x00000000fe000000)
  from space 13824K, 0% used [0x00000000ff080000,0x00000000ff080000,0x00000000ffe00000)
  to   space 15360K, 0% used [0x00000000fe000000,0x00000000fe000000,0x00000000fef00000)
 ParOldGen       total 83968K, used 19035K [0x0000000081a00000, 0x0000000086c00000, 0x00000000d5e00000)
  object space 83968K, 22% used [0x0000000081a00000,0x0000000082c96f40,0x0000000086c00000)
 Metaspace       used 58728K, capacity 61720K, committed 61976K, reserved 1103872K
  class space    used 7700K, capacity 8178K, committed 8232K, reserved 1048576K
GC Heap History (10 events):
Event: 50.587 GC heap before
{Heap before GC invocations=14 (full 2):
 PSYoungGen      total 330752K, used 319488K [0x00000000d5e00000, 0x00000000f3900000, 0x0000000100000000)
  eden space 319488K, 100% used [0x00000000d5e00000,0x00000000e9600000,0x00000000e9600000)
  from space 11264K, 0% used [0x00000000e9600000,0x00000000e9600000,0x00000000ea100000)
  to   space 11264K, 0% used [0x00000000f2e00000,0x00000000f2e00000,0x00000000f3900000)
 ParOldGen       total 65536K, used 11586K [0x0000000081a00000, 0x0000000085a00000, 0x00000000d5e00000)
  object space 65536K, 17% used [0x0000000081a00000,0x0000000082550930,0x0000000085a00000)
 Metaspace       used 51054K, capacity 53438K, committed 53672K, reserved 1095680K
  class space    used 6807K, capacity 7245K, committed 7336K, reserved 1048576K
Event: 50.609 GC heap after
Heap after GC invocations=14 (full 2):
 PSYoungGen      total 469504K, used 11243K [0x00000000d5e00000, 0x00000000f4d00000, 0x0000000100000000)
  eden space 458240K, 0% used [0x00000000d5e00000,0x00000000d5e00000,0x00000000f1d80000)
  from space 11264K, 99% used [0x00000000f2e00000,0x00000000f38fad98,0x00000000f3900000)
  to   space 16896K, 0% used [0x00000000f1d80000,0x00000000f1d80000,0x00000000f2e00000)
 ParOldGen       total 65536K, used 20766K [0x0000000081a00000, 0x0000000085a00000, 0x00000000d5e00000)
  object space 65536K, 31% used [0x0000000081a00000,0x0000000082e47898,0x0000000085a00000)
 Metaspace       used 51054K, capacity 53438K, committed 53672K, reserved 1095680K
  class space    used 6807K, capacity 7245K, committed 7336K, reserved 1048576K
}
Event: 562.526 GC heap before
{Heap before GC invocations=15 (full 2):
 PSYoungGen      total 469504K, used 155257K [0x00000000d5e00000, 0x00000000f4d00000, 0x0000000100000000)
  eden space 458240K, 31% used [0x00000000d5e00000,0x00000000deaa3760,0x00000000f1d80000)
  from space 11264K, 99% used [0x00000000f2e00000,0x00000000f38fad98,0x00000000f3900000)
  to   space 16896K, 0% used [0x00000000f1d80000,0x00000000f1d80000,0x00000000f2e00000)
 ParOldGen       total 65536K, used 20766K [0x0000000081a00000, 0x0000000085a00000, 0x00000000d5e00000)
  object space 65536K, 31% used [0x0000000081a00000,0x0000000082e47898,0x0000000085a00000)
 Metaspace       used 56201K, capacity 59050K, committed 59160K, reserved 1099776K
  class space    used 7430K, capacity 7921K, committed 7976K, reserved 1048576K
Event: 562.565 GC heap after
Heap after GC invocations=15 (full 2):
 PSYoungGen      total 475136K, used 5386K [0x00000000d5e00000, 0x0000000100000000, 0x0000000100000000)
  eden space 458240K, 0% used [0x00000000d5e00000,0x00000000d5e00000,0x00000000f1d80000)
  from space 16896K, 31% used [0x00000000f1d80000,0x00000000f22c2b58,0x00000000f2e00000)
  to   space 15872K, 0% used [0x00000000ff080000,0x00000000ff080000,0x0000000100000000)
 ParOldGen       total 65536K, used 27438K [0x0000000081a00000, 0x0000000085a00000, 0x00000000d5e00000)
  object space 65536K, 41% used [0x0000000081a00000,0x00000000834cb958,0x0000000085a00000)
 Metaspace       used 56201K, capacity 59050K, committed 59160K, reserved 1099776K
  class space    used 7430K, capacity 7921K, committed 7976K, reserved 1048576K
}
Event: 562.565 GC heap before
{Heap before GC invocations=16 (full 3):
 PSYoungGen      total 475136K, used 5386K [0x00000000d5e00000, 0x0000000100000000, 0x0000000100000000)
  eden space 458240K, 0% used [0x00000000d5e00000,0x00000000d5e00000,0x00000000f1d80000)
  from space 16896K, 31% used [0x00000000f1d80000,0x00000000f22c2b58,0x00000000f2e00000)
  to   space 15872K, 0% used [0x00000000ff080000,0x00000000ff080000,0x0000000100000000)
 ParOldGen       total 65536K, used 27438K [0x0000000081a00000, 0x0000000085a00000, 0x00000000d5e00000)
  object space 65536K, 41% used [0x0000000081a00000,0x00000000834cb958,0x0000000085a00000)
 Metaspace       used 56201K, capacity 59050K, committed 59160K, reserved 1099776K
  class space    used 7430K, capacity 7921K, committed 7976K, reserved 1048576K
Event: 562.868 GC heap after
Heap after GC invocations=16 (full 3):
 PSYoungGen      total 475136K, used 0K [0x00000000d5e00000, 0x0000000100000000, 0x0000000100000000)
  eden space 458240K, 0% used [0x00000000d5e00000,0x00000000d5e00000,0x00000000f1d80000)
  from space 16896K, 0% used [0x00000000f1d80000,0x00000000f1d80000,0x00000000f2e00000)
  to   space 15872K, 0% used [0x00000000ff080000,0x00000000ff080000,0x0000000100000000)
 ParOldGen       total 83968K, used 21210K [0x0000000081a00000, 0x0000000086c00000, 0x00000000d5e00000)
  object space 83968K, 25% used [0x0000000081a00000,0x0000000082eb6868,0x0000000086c00000)
 Metaspace       used 56201K, capacity 59050K, committed 59160K, reserved 1099776K
  class space    used 7430K, capacity 7921K, committed 7976K, reserved 1048576K
}
Event: 707.589 GC heap before
{Heap before GC invocations=17 (full 3):
 PSYoungGen      total 475136K, used 89675K [0x00000000d5e00000, 0x0000000100000000, 0x0000000100000000)
  eden space 458240K, 19% used [0x00000000d5e00000,0x00000000db592de8,0x00000000f1d80000)
  from space 16896K, 0% used [0x00000000f1d80000,0x00000000f1d80000,0x00000000f2e00000)
  to   space 15872K, 0% used [0x00000000ff080000,0x00000000ff080000,0x0000000100000000)
 ParOldGen       total 83968K, used 21210K [0x0000000081a00000, 0x0000000086c00000, 0x00000000d5e00000)
  object space 83968K, 25% used [0x0000000081a00000,0x0000000082eb6868,0x0000000086c00000)
 Metaspace       used 58503K, capacity 61424K, committed 61720K, reserved 1103872K
  class space    used 7690K, capacity 8169K, committed 8232K, reserved 1048576K
Event: 707.598 GC heap after
Heap after GC invocations=17 (full 3):
 PSYoungGen      total 671232K, used 3209K [0x00000000d5e00000, 0x00000000ffe00000, 0x0000000100000000)
  eden space 657408K, 0% used [0x00000000d5e00000,0x00000000d5e00000,0x00000000fe000000)
  from space 13824K, 23% used [0x00000000ff080000,0x00000000ff3a2608,0x00000000ffe00000)
  to   space 15360K, 0% used [0x00000000fe000000,0x00000000fe000000,0x00000000fef00000)
 ParOldGen       total 83968K, used 21218K [0x0000000081a00000, 0x0000000086c00000, 0x00000000d5e00000)
  object space 83968K, 25% used [0x0000000081a00000,0x0000000082eb8868,0x0000000086c00000)
 Metaspace       used 58503K, capacity 61424K, committed 61720K, reserved 1103872K
  class space    used 7690K, capacity 8169K, committed 8232K, reserved 1048576K
}
Event: 707.598 GC heap before
{Heap before GC invocations=18 (full 4):
 PSYoungGen      total 671232K, used 3209K [0x00000000d5e00000, 0x00000000ffe00000, 0x0000000100000000)
  eden space 657408K, 0% used [0x00000000d5e00000,0x00000000d5e00000,0x00000000fe000000)
  from space 13824K, 23% used [0x00000000ff080000,0x00000000ff3a2608,0x00000000ffe00000)
  to   space 15360K, 0% used [0x00000000fe000000,0x00000000fe000000,0x00000000fef00000)
 ParOldGen       total 83968K, used 21218K [0x0000000081a00000, 0x0000000086c00000, 0x00000000d5e00000)
  object space 83968K, 25% used [0x0000000081a00000,0x0000000082eb8868,0x0000000086c00000)
 Metaspace       used 58503K, capacity 61424K, committed 61720K, reserved 1103872K
  class space    used 7690K, capacity 8169K, committed 8232K, reserved 1048576K
Event: 707.863 GC heap after
Heap after GC invocations=18 (full 4):
 PSYoungGen      total 671232K, used 0K [0x00000000d5e00000, 0x00000000ffe00000, 0x0000000100000000)
  eden space 657408K, 0% used [0x00000000d5e00000,0x00000000d5e00000,0x00000000fe000000)
  from space 13824K, 0% used [0x00000000ff080000,0x00000000ff080000,0x00000000ffe00000)
  to   space 15360K, 0% used [0x00000000fe000000,0x00000000fe000000,0x00000000fef00000)
 ParOldGen       total 83968K, used 19035K [0x0000000081a00000, 0x0000000086c00000, 0x00000000d5e00000)
  object space 83968K, 22% used [0x0000000081a00000,0x0000000082c96f40,0x0000000086c00000)
 Metaspace       used 58503K, capacity 61424K, committed 61720K, reserved 1103872K
  class space    used 7690K, capacity 8169K, committed 8232K, reserved 1048576K
}

